This is ApacheBench, Version 2.3 <$Revision: 1706008 $>
Copyright 1996 Adam Twiss, Zeus Technology Ltd, http://www.zeustech.net/
Licensed to The Apache Software Foundation, http://www.apache.org/

Benchmarking 192.168.56.66 (be patient)


Server Software:        swoole-http-server
Server Hostname:        192.168.56.66
Server Port:            9501

Document Path:          /
Document Length:        11 bytes

Concurrency Level:      100
Time taken for tests:   0.707 seconds
Complete requests:      1000
Failed requests:        0
Total transferred:      159000 bytes
HTML transferred:       11000 bytes
Requests per second:    1414.62 [#/sec] (mean)
Time per request:       70.690 [ms] (mean)
Time per request:       0.707 [ms] (mean, across all concurrent requests)
Transfer rate:          219.65 [Kbytes/sec] received

Connection Times (ms)
              min  mean[+/-sd] median   max
Connect:        3   28   9.7     29      48
Processing:     2   41  14.6     38      85
Waiting:        0   34  13.5     31      81
Total:         33   69  13.9     70     112

Percentage of the requests served within a certain time (ms)
  50%     70
  66%     73
  75%     76
  80%     79
  90%     86
  95%     93
  98%    103
  99%    106
 100%    112 (longest request)
This is ApacheBench, Version 2.3 <$Revision: 1706008 $>
Copyright 1996 Adam Twiss, Zeus Technology Ltd, http://www.zeustech.net/
Licensed to The Apache Software Foundation, http://www.apache.org/

Benchmarking 192.168.56.66 (be patient)


Server Software:        swoole-http-server
Server Hostname:        192.168.56.66
Server Port:            9501

Document Path:          /
Document Length:        11 bytes

Concurrency Level:      100
Time taken for tests:   0.620 seconds
Complete requests:      1000
Failed requests:        0
Total transferred:      159000 bytes
HTML transferred:       11000 bytes
Requests per second:    1611.98 [#/sec] (mean)
Time per request:       62.035 [ms] (mean)
Time per request:       0.620 [ms] (mean, across all concurrent requests)
Transfer rate:          250.30 [Kbytes/sec] received

Connection Times (ms)
              min  mean[+/-sd] median   max
Connect:        0   20  10.9     19      49
Processing:    19   40  14.7     37      96
Waiting:        3   32  13.7     30      88
Total:         26   60  18.9     56     114

Percentage of the requests served within a certain time (ms)
  50%     56
  66%     63
  75%     70
  80%     75
  90%     87
  95%    101
  98%    108
  99%    111
 100%    114 (longest request)
This is ApacheBench, Version 2.3 <$Revision: 1706008 $>
Copyright 1996 Adam Twiss, Zeus Technology Ltd, http://www.zeustech.net/
Licensed to The Apache Software Foundation, http://www.apache.org/

Benchmarking 192.168.56.66 (be patient)


Server Software:        swoole-http-server
Server Hostname:        192.168.56.66
Server Port:            9501

Document Path:          /
Document Length:        11 bytes

Concurrency Level:      100
Time taken for tests:   0.445 seconds
Complete requests:      1000
Failed requests:        0
Total transferred:      159000 bytes
HTML transferred:       11000 bytes
Requests per second:    2249.59 [#/sec] (mean)
Time per request:       44.453 [ms] (mean)
Time per request:       0.445 [ms] (mean, across all concurrent requests)
Transfer rate:          349.30 [Kbytes/sec] received

Connection Times (ms)
              min  mean[+/-sd] median   max
Connect:        0    9   5.9     10      24
Processing:    17   33   7.6     33      50
Waiting:        3   30   9.4     30      50
Total:         24   43   5.5     42      58

Percentage of the requests served within a certain time (ms)
  50%     42
  66%     44
  75%     46
  80%     48
  90%     50
  95%     52
  98%     54
  99%     57
 100%     58 (longest request)
This is ApacheBench, Version 2.3 <$Revision: 1706008 $>
Copyright 1996 Adam Twiss, Zeus Technology Ltd, http://www.zeustech.net/
Licensed to The Apache Software Foundation, http://www.apache.org/

Benchmarking 192.168.56.66 (be patient)


Server Software:        swoole-http-server
Server Hostname:        192.168.56.66
Server Port:            9501

Document Path:          /
Document Length:        11 bytes

Concurrency Level:      100
Time taken for tests:   0.420 seconds
Complete requests:      1000
Failed requests:        0
Total transferred:      159000 bytes
HTML transferred:       11000 bytes
Requests per second:    2380.53 [#/sec] (mean)
Time per request:       42.007 [ms] (mean)
Time per request:       0.420 [ms] (mean, across all concurrent requests)
Transfer rate:          369.63 [Kbytes/sec] received

Connection Times (ms)
              min  mean[+/-sd] median   max
Connect:        6   19   5.1     18      38
Processing:     1   22   6.6     22      45
Waiting:        1   18   6.0     17      37
Total:         28   41   7.3     40      66

Percentage of the requests served within a certain time (ms)
  50%     40
  66%     43
  75%     45
  80%     46
  90%     53
  95%     54
  98%     60
  99%     64
 100%     66 (longest request)
This is ApacheBench, Version 2.3 <$Revision: 1706008 $>
Copyright 1996 Adam Twiss, Zeus Technology Ltd, http://www.zeustech.net/
Licensed to The Apache Software Foundation, http://www.apache.org/

Benchmarking 192.168.56.66 (be patient)


Server Software:        swoole-http-server
Server Hostname:        192.168.56.66
Server Port:            9501

Document Path:          /
Document Length:        11 bytes

Concurrency Level:      100
Time taken for tests:   0.393 seconds
Complete requests:      1000
Failed requests:        0
Total transferred:      159000 bytes
HTML transferred:       11000 bytes
Requests per second:    2547.00 [#/sec] (mean)
Time per request:       39.262 [ms] (mean)
Time per request:       0.393 [ms] (mean, across all concurrent requests)
Transfer rate:          395.48 [Kbytes/sec] received

Connection Times (ms)
              min  mean[+/-sd] median   max
Connect:        6   18   3.3     19      26
Processing:     2   20   5.3     20      41
Waiting:        1   17   4.6     18      28
Total:         25   38   5.3     39      62

Percentage of the requests served within a certain time (ms)
  50%     39
  66%     39
  75%     40
  80%     40
  90%     41
  95%     43
  98%     59
  99%     61
 100%     62 (longest request)
