This is ApacheBench, Version 2.3 <$Revision: 1706008 $>
Copyright 1996 Adam Twiss, Zeus Technology Ltd, http://www.zeustech.net/
Licensed to The Apache Software Foundation, http://www.apache.org/

Benchmarking 192.168.56.66 (be patient)


Server Software:        swoole-http-server
Server Hostname:        192.168.56.66
Server Port:            9501

Document Path:          /
Document Length:        11 bytes

Concurrency Level:      100
Time taken for tests:   0.459 seconds
Complete requests:      1000
Failed requests:        0
Total transferred:      159000 bytes
HTML transferred:       11000 bytes
Requests per second:    2180.27 [#/sec] (mean)
Time per request:       45.866 [ms] (mean)
Time per request:       0.459 [ms] (mean, across all concurrent requests)
Transfer rate:          338.54 [Kbytes/sec] received

Connection Times (ms)
              min  mean[+/-sd] median   max
Connect:        0    2   4.9      0      26
Processing:     9   42  20.0     37     106
Waiting:        5   41  19.1     37     104
Total:         23   44  18.7     39     106

Percentage of the requests served within a certain time (ms)
  50%     39
  66%     41
  75%     43
  80%     47
  90%     77
  95%     90
  98%     99
  99%    104
 100%    106 (longest request)
This is ApacheBench, Version 2.3 <$Revision: 1706008 $>
Copyright 1996 Adam Twiss, Zeus Technology Ltd, http://www.zeustech.net/
Licensed to The Apache Software Foundation, http://www.apache.org/

Benchmarking 192.168.56.66 (be patient)


Server Software:        swoole-http-server
Server Hostname:        192.168.56.66
Server Port:            9501

Document Path:          /
Document Length:        11 bytes

Concurrency Level:      100
Time taken for tests:   0.526 seconds
Complete requests:      1000
Failed requests:        0
Total transferred:      159000 bytes
HTML transferred:       11000 bytes
Requests per second:    1901.16 [#/sec] (mean)
Time per request:       52.599 [ms] (mean)
Time per request:       0.526 [ms] (mean, across all concurrent requests)
Transfer rate:          295.20 [Kbytes/sec] received

Connection Times (ms)
              min  mean[+/-sd] median   max
Connect:        0    3   4.5      0      15
Processing:    13   48  20.0     55      80
Waiting:        3   47  21.3     55      80
Total:         21   50  16.6     55      80

Percentage of the requests served within a certain time (ms)
  50%     55
  66%     62
  75%     66
  80%     68
  90%     70
  95%     72
  98%     75
  99%     77
 100%     80 (longest request)
This is ApacheBench, Version 2.3 <$Revision: 1706008 $>
Copyright 1996 Adam Twiss, Zeus Technology Ltd, http://www.zeustech.net/
Licensed to The Apache Software Foundation, http://www.apache.org/

Benchmarking 192.168.56.66 (be patient)


Server Software:        swoole-http-server
Server Hostname:        192.168.56.66
Server Port:            9501

Document Path:          /
Document Length:        11 bytes

Concurrency Level:      100
Time taken for tests:   0.709 seconds
Complete requests:      1000
Failed requests:        0
Total transferred:      159000 bytes
HTML transferred:       11000 bytes
Requests per second:    1411.07 [#/sec] (mean)
Time per request:       70.868 [ms] (mean)
Time per request:       0.709 [ms] (mean, across all concurrent requests)
Transfer rate:          219.10 [Kbytes/sec] received

Connection Times (ms)
              min  mean[+/-sd] median   max
Connect:        0    4   7.6      0      33
Processing:    11   65  17.0     65     103
Waiting:        4   62  15.5     65     101
Total:         29   69  17.2     66     121

Percentage of the requests served within a certain time (ms)
  50%     66
  66%     68
  75%     71
  80%     77
  90%     98
  95%    107
  98%    110
  99%    113
 100%    121 (longest request)
This is ApacheBench, Version 2.3 <$Revision: 1706008 $>
Copyright 1996 Adam Twiss, Zeus Technology Ltd, http://www.zeustech.net/
Licensed to The Apache Software Foundation, http://www.apache.org/

Benchmarking 192.168.56.66 (be patient)


Server Software:        swoole-http-server
Server Hostname:        192.168.56.66
Server Port:            9501

Document Path:          /
Document Length:        11 bytes

Concurrency Level:      100
Time taken for tests:   0.448 seconds
Complete requests:      1000
Failed requests:        0
Total transferred:      159000 bytes
HTML transferred:       11000 bytes
Requests per second:    2233.50 [#/sec] (mean)
Time per request:       44.773 [ms] (mean)
Time per request:       0.448 [ms] (mean, across all concurrent requests)
Transfer rate:          346.80 [Kbytes/sec] received

Connection Times (ms)
              min  mean[+/-sd] median   max
Connect:        0   10   8.5      9      33
Processing:    10   33  16.7     30      87
Waiting:        7   28  15.9     24      84
Total:         15   43  17.5     38      87

Percentage of the requests served within a certain time (ms)
  50%     38
  66%     46
  75%     53
  80%     58
  90%     73
  95%     78
  98%     82
  99%     84
 100%     87 (longest request)
This is ApacheBench, Version 2.3 <$Revision: 1706008 $>
Copyright 1996 Adam Twiss, Zeus Technology Ltd, http://www.zeustech.net/
Licensed to The Apache Software Foundation, http://www.apache.org/

Benchmarking 192.168.56.66 (be patient)


Server Software:        swoole-http-server
Server Hostname:        192.168.56.66
Server Port:            9501

Document Path:          /
Document Length:        11 bytes

Concurrency Level:      100
Time taken for tests:   0.506 seconds
Complete requests:      1000
Failed requests:        0
Total transferred:      159000 bytes
HTML transferred:       11000 bytes
Requests per second:    1975.84 [#/sec] (mean)
Time per request:       50.611 [ms] (mean)
Time per request:       0.506 [ms] (mean, across all concurrent requests)
Transfer rate:          306.79 [Kbytes/sec] received

Connection Times (ms)
              min  mean[+/-sd] median   max
Connect:        0    3   6.6      0      45
Processing:    15   45  13.5     45      90
Waiting:        4   44  14.7     45      90
Total:         23   49  13.7     46      95

Percentage of the requests served within a certain time (ms)
  50%     46
  66%     51
  75%     53
  80%     56
  90%     69
  95%     81
  98%     93
  99%     94
 100%     95 (longest request)
