http://192.168.56.66:9501/emails/templates?hashtags=test
http://192.168.56.66:9501/emails/templates?hashtags=test
This is ApacheBench, Version 2.3 <$Revision: 1706008 $>
Copyright 1996 Adam Twiss, Zeus Technology Ltd, http://www.zeustech.net/
Licensed to The Apache Software Foundation, http://www.apache.org/

Benchmarking 192.168.56.66 (be patient)


Server Software:        Swiler
Server Hostname:        192.168.56.66
Server Port:            9501

Document Path:          /emails/templates?hashtags=test
Document Length:        641 bytes

Concurrency Level:      100
Time taken for tests:   0.551 seconds
Complete requests:      1000
Failed requests:        0
Total transferred:      963000 bytes
HTML transferred:       641000 bytes
Requests per second:    1815.97 [#/sec] (mean)
Time per request:       55.067 [ms] (mean)
Time per request:       0.551 [ms] (mean, across all concurrent requests)
Transfer rate:          1707.79 [Kbytes/sec] received

Connection Times (ms)
              min  mean[+/-sd] median   max
Connect:        1   21   9.7     22      40
Processing:     2   33  11.8     30      65
Waiting:        1   24   5.8     24      37
Total:         25   54  12.6     51      97

Percentage of the requests served within a certain time (ms)
  50%     51
  66%     52
  75%     53
  80%     54
  90%     71
  95%     78
  98%     97
  99%     97
 100%     97 (longest request)
http://192.168.56.66:9501/emails/templates?hashtags=test
This is ApacheBench, Version 2.3 <$Revision: 1706008 $>
Copyright 1996 Adam Twiss, Zeus Technology Ltd, http://www.zeustech.net/
Licensed to The Apache Software Foundation, http://www.apache.org/

Benchmarking 192.168.56.66 (be patient)


Server Software:        Swiler
Server Hostname:        192.168.56.66
Server Port:            9501

Document Path:          /emails/templates?hashtags=test
Document Length:        641 bytes

Concurrency Level:      100
Time taken for tests:   0.516 seconds
Complete requests:      1000
Failed requests:        0
Total transferred:      963000 bytes
HTML transferred:       641000 bytes
Requests per second:    1936.63 [#/sec] (mean)
Time per request:       51.636 [ms] (mean)
Time per request:       0.516 [ms] (mean, across all concurrent requests)
Transfer rate:          1821.26 [Kbytes/sec] received

Connection Times (ms)
              min  mean[+/-sd] median   max
Connect:        3   22   7.7     23      39
Processing:     2   29   8.9     28      47
Waiting:        1   22   7.2     23      39
Total:         24   51   9.6     51      73

Percentage of the requests served within a certain time (ms)
  50%     51
  66%     52
  75%     53
  80%     54
  90%     68
  95%     69
  98%     69
  99%     71
 100%     73 (longest request)
http://192.168.56.66:9501/emails/templates?hashtags=test
This is ApacheBench, Version 2.3 <$Revision: 1706008 $>
Copyright 1996 Adam Twiss, Zeus Technology Ltd, http://www.zeustech.net/
Licensed to The Apache Software Foundation, http://www.apache.org/

Benchmarking 192.168.56.66 (be patient)


Server Software:        Swiler
Server Hostname:        192.168.56.66
Server Port:            9501

Document Path:          /emails/templates?hashtags=test
Document Length:        641 bytes

Concurrency Level:      100
Time taken for tests:   0.520 seconds
Complete requests:      1000
Failed requests:        0
Total transferred:      963000 bytes
HTML transferred:       641000 bytes
Requests per second:    1924.15 [#/sec] (mean)
Time per request:       51.971 [ms] (mean)
Time per request:       0.520 [ms] (mean, across all concurrent requests)
Transfer rate:          1809.53 [Kbytes/sec] received

Connection Times (ms)
              min  mean[+/-sd] median   max
Connect:        5   23   7.2     24      41
Processing:     1   28   7.6     27      48
Waiting:        0   23   7.0     23      40
Total:         22   51   7.2     51      89

Percentage of the requests served within a certain time (ms)
  50%     51
  66%     52
  75%     52
  80%     53
  90%     54
  95%     64
  98%     72
  99%     74
 100%     89 (longest request)
http://192.168.56.66:9501/emails/templates?hashtags=test
This is ApacheBench, Version 2.3 <$Revision: 1706008 $>
Copyright 1996 Adam Twiss, Zeus Technology Ltd, http://www.zeustech.net/
Licensed to The Apache Software Foundation, http://www.apache.org/

Benchmarking 192.168.56.66 (be patient)


Server Software:        Swiler
Server Hostname:        192.168.56.66
Server Port:            9501

Document Path:          /emails/templates?hashtags=test
Document Length:        641 bytes

Concurrency Level:      100
Time taken for tests:   0.522 seconds
Complete requests:      1000
Failed requests:        0
Total transferred:      963000 bytes
HTML transferred:       641000 bytes
Requests per second:    1914.03 [#/sec] (mean)
Time per request:       52.246 [ms] (mean)
Time per request:       0.522 [ms] (mean, across all concurrent requests)
Transfer rate:          1800.01 [Kbytes/sec] received

Connection Times (ms)
              min  mean[+/-sd] median   max
Connect:        5   23   7.3     24      38
Processing:     2   28   7.8     28      47
Waiting:        1   23   7.2     23      39
Total:         19   51   7.3     51      80

Percentage of the requests served within a certain time (ms)
  50%     51
  66%     53
  75%     54
  80%     54
  90%     55
  95%     63
  98%     79
  99%     79
 100%     80 (longest request)
http://192.168.56.66:9501/emails/templates?hashtags=test
This is ApacheBench, Version 2.3 <$Revision: 1706008 $>
Copyright 1996 Adam Twiss, Zeus Technology Ltd, http://www.zeustech.net/
Licensed to The Apache Software Foundation, http://www.apache.org/

Benchmarking 192.168.56.66 (be patient)


Server Software:        Swiler
Server Hostname:        192.168.56.66
Server Port:            9501

Document Path:          /emails/templates?hashtags=test
Document Length:        641 bytes

Concurrency Level:      100
Time taken for tests:   0.580 seconds
Complete requests:      1000
Failed requests:        0
Total transferred:      963000 bytes
HTML transferred:       641000 bytes
Requests per second:    1723.53 [#/sec] (mean)
Time per request:       58.020 [ms] (mean)
Time per request:       0.580 [ms] (mean, across all concurrent requests)
Transfer rate:          1620.86 [Kbytes/sec] received

Connection Times (ms)
              min  mean[+/-sd] median   max
Connect:        4   26   7.8     27      41
Processing:     2   31   7.7     31      47
Waiting:        1   25   7.5     25      41
Total:         29   57  10.5     59      85

Percentage of the requests served within a certain time (ms)
  50%     59
  66%     61
  75%     63
  80%     63
  90%     69
  95%     73
  98%     79
  99%     79
 100%     85 (longest request)
http://192.168.56.66:9501/emails/templates?hashtags=test
This is ApacheBench, Version 2.3 <$Revision: 1706008 $>
Copyright 1996 Adam Twiss, Zeus Technology Ltd, http://www.zeustech.net/
Licensed to The Apache Software Foundation, http://www.apache.org/

Benchmarking 192.168.56.66 (be patient)


Server Software:        Swiler
Server Hostname:        192.168.56.66
Server Port:            9501

Document Path:          /emails/templates?hashtags=test
Document Length:        641 bytes

Concurrency Level:      100
Time taken for tests:   0.569 seconds
Complete requests:      1000
Failed requests:        0
Total transferred:      963000 bytes
HTML transferred:       641000 bytes
Requests per second:    1756.38 [#/sec] (mean)
Time per request:       56.935 [ms] (mean)
Time per request:       0.569 [ms] (mean, across all concurrent requests)
Transfer rate:          1651.75 [Kbytes/sec] received

Connection Times (ms)
              min  mean[+/-sd] median   max
Connect:        4   25   7.8     24      46
Processing:     1   31   9.3     30      60
Waiting:        0   26   7.4     25      44
Total:         23   56  10.7     53     105

Percentage of the requests served within a certain time (ms)
  50%     53
  66%     59
  75%     62
  80%     64
  90%     65
  95%     66
  98%    104
  99%    104
 100%    105 (longest request)
http://192.168.56.66:9501/emails/templates?hashtags=test
This is ApacheBench, Version 2.3 <$Revision: 1706008 $>
Copyright 1996 Adam Twiss, Zeus Technology Ltd, http://www.zeustech.net/
Licensed to The Apache Software Foundation, http://www.apache.org/

Benchmarking 192.168.56.66 (be patient)


Server Software:        Swiler
Server Hostname:        192.168.56.66
Server Port:            9501

Document Path:          /emails/templates?hashtags=test
Document Length:        641 bytes

Concurrency Level:      100
Time taken for tests:   0.524 seconds
Complete requests:      1000
Failed requests:        0
Total transferred:      963000 bytes
HTML transferred:       641000 bytes
Requests per second:    1908.66 [#/sec] (mean)
Time per request:       52.393 [ms] (mean)
Time per request:       0.524 [ms] (mean, across all concurrent requests)
Transfer rate:          1794.96 [Kbytes/sec] received

Connection Times (ms)
              min  mean[+/-sd] median   max
Connect:        5   21   6.9     21      38
Processing:     1   30   9.0     29      70
Waiting:        0   23   7.7     22      67
Total:         18   52  10.0     51      96

Percentage of the requests served within a certain time (ms)
  50%     51
  66%     52
  75%     53
  80%     60
  90%     67
  95%     70
  98%     82
  99%     83
 100%     96 (longest request)
http://192.168.56.66:9501/emails/templates?hashtags=test
This is ApacheBench, Version 2.3 <$Revision: 1706008 $>
Copyright 1996 Adam Twiss, Zeus Technology Ltd, http://www.zeustech.net/
Licensed to The Apache Software Foundation, http://www.apache.org/

Benchmarking 192.168.56.66 (be patient)


Server Software:        Swiler
Server Hostname:        192.168.56.66
Server Port:            9501

Document Path:          /emails/templates?hashtags=test
Document Length:        641 bytes

Concurrency Level:      100
Time taken for tests:   0.520 seconds
Complete requests:      1000
Failed requests:        0
Total transferred:      963000 bytes
HTML transferred:       641000 bytes
Requests per second:    1922.34 [#/sec] (mean)
Time per request:       52.020 [ms] (mean)
Time per request:       0.520 [ms] (mean, across all concurrent requests)
Transfer rate:          1807.83 [Kbytes/sec] received

Connection Times (ms)
              min  mean[+/-sd] median   max
Connect:        5   22   7.2     23      38
Processing:     2   29   8.0     29      46
Waiting:        1   24   6.8     23      44
Total:         20   51   7.5     50      73

Percentage of the requests served within a certain time (ms)
  50%     50
  66%     52
  75%     52
  80%     53
  90%     58
  95%     67
  98%     72
  99%     72
 100%     73 (longest request)
http://192.168.56.66:9501/emails/templates?hashtags=test
This is ApacheBench, Version 2.3 <$Revision: 1706008 $>
Copyright 1996 Adam Twiss, Zeus Technology Ltd, http://www.zeustech.net/
Licensed to The Apache Software Foundation, http://www.apache.org/

Benchmarking 192.168.56.66 (be patient)


Server Software:        Swiler
Server Hostname:        192.168.56.66
Server Port:            9501

Document Path:          /emails/templates?hashtags=test
Document Length:        641 bytes

Concurrency Level:      100
Time taken for tests:   0.516 seconds
Complete requests:      1000
Failed requests:        0
Total transferred:      963000 bytes
HTML transferred:       641000 bytes
Requests per second:    1937.69 [#/sec] (mean)
Time per request:       51.608 [ms] (mean)
Time per request:       0.516 [ms] (mean, across all concurrent requests)
Transfer rate:          1822.26 [Kbytes/sec] received

Connection Times (ms)
              min  mean[+/-sd] median   max
Connect:        5   22   7.9     22      41
Processing:     2   28   8.5     28      49
Waiting:        0   22   7.7     21      42
Total:         26   51   9.2     51      89

Percentage of the requests served within a certain time (ms)
  50%     51
  66%     52
  75%     54
  80%     54
  90%     56
  95%     73
  98%     77
  99%     80
 100%     89 (longest request)
http://192.168.56.66:9501/emails/templates?hashtags=test
This is ApacheBench, Version 2.3 <$Revision: 1706008 $>
Copyright 1996 Adam Twiss, Zeus Technology Ltd, http://www.zeustech.net/
Licensed to The Apache Software Foundation, http://www.apache.org/

Benchmarking 192.168.56.66 (be patient)


Server Software:        Swiler
Server Hostname:        192.168.56.66
Server Port:            9501

Document Path:          /emails/templates?hashtags=test
Document Length:        641 bytes

Concurrency Level:      100
Time taken for tests:   0.519 seconds
Complete requests:      1000
Failed requests:        0
Total transferred:      963000 bytes
HTML transferred:       641000 bytes
Requests per second:    1926.64 [#/sec] (mean)
Time per request:       51.904 [ms] (mean)
Time per request:       0.519 [ms] (mean, across all concurrent requests)
Transfer rate:          1811.87 [Kbytes/sec] received

Connection Times (ms)
              min  mean[+/-sd] median   max
Connect:        4   22   7.1     23      38
Processing:     2   28   8.7     28      47
Waiting:        1   22   6.8     22      38
Total:         28   51  10.3     51      77

Percentage of the requests served within a certain time (ms)
  50%     51
  66%     52
  75%     52
  80%     53
  90%     68
  95%     73
  98%     77
  99%     77
 100%     77 (longest request)
