http://192.168.56.66:9501/emails/templates?hashtags=test
http://192.168.56.66:9501/emails/templates?hashtags=test
This is ApacheBench, Version 2.3 <$Revision: 1706008 $>
Copyright 1996 Adam Twiss, Zeus Technology Ltd, http://www.zeustech.net/
Licensed to The Apache Software Foundation, http://www.apache.org/

Benchmarking 192.168.56.66 (be patient)


Server Software:        Swiler
Server Hostname:        192.168.56.66
Server Port:            9501

Document Path:          /emails/templates?hashtags=test
Document Length:        641 bytes

Concurrency Level:      100
Time taken for tests:   0.837 seconds
Complete requests:      1000
Failed requests:        0
Total transferred:      963000 bytes
HTML transferred:       641000 bytes
Requests per second:    1194.14 [#/sec] (mean)
Time per request:       83.742 [ms] (mean)
Time per request:       0.837 [ms] (mean, across all concurrent requests)
Transfer rate:          1123.00 [Kbytes/sec] received

Connection Times (ms)
              min  mean[+/-sd] median   max
Connect:        0   30  20.1     25     261
Processing:     2   53  73.0     30     342
Waiting:        1   45  66.7     26     325
Total:         26   83  88.5     54     366

Percentage of the requests served within a certain time (ms)
  50%     54
  66%     55
  75%     55
  80%     55
  90%    221
  95%    358
  98%    362
  99%    362
 100%    366 (longest request)
http://192.168.56.66:9501/emails/templates?hashtags=test
This is ApacheBench, Version 2.3 <$Revision: 1706008 $>
Copyright 1996 Adam Twiss, Zeus Technology Ltd, http://www.zeustech.net/
Licensed to The Apache Software Foundation, http://www.apache.org/

Benchmarking 192.168.56.66 (be patient)


Server Software:        Swiler
Server Hostname:        192.168.56.66
Server Port:            9501

Document Path:          /emails/templates?hashtags=test
Document Length:        641 bytes

Concurrency Level:      100
Time taken for tests:   0.689 seconds
Complete requests:      1000
Failed requests:        0
Total transferred:      963000 bytes
HTML transferred:       641000 bytes
Requests per second:    1451.61 [#/sec] (mean)
Time per request:       68.889 [ms] (mean)
Time per request:       0.689 [ms] (mean, across all concurrent requests)
Transfer rate:          1365.14 [Kbytes/sec] received

Connection Times (ms)
              min  mean[+/-sd] median   max
Connect:        0   25  19.7     24      97
Processing:    13   41  17.7     39     178
Waiting:        1   29  15.7     26     157
Total:         27   66  27.1     56     218

Percentage of the requests served within a certain time (ms)
  50%     56
  66%     60
  75%     70
  80%     76
  90%    123
  95%    137
  98%    148
  99%    158
 100%    218 (longest request)
http://192.168.56.66:9501/emails/templates?hashtags=test
This is ApacheBench, Version 2.3 <$Revision: 1706008 $>
Copyright 1996 Adam Twiss, Zeus Technology Ltd, http://www.zeustech.net/
Licensed to The Apache Software Foundation, http://www.apache.org/

Benchmarking 192.168.56.66 (be patient)


Server Software:        Swiler
Server Hostname:        192.168.56.66
Server Port:            9501

Document Path:          /emails/templates?hashtags=test
Document Length:        641 bytes

Concurrency Level:      100
Time taken for tests:   0.675 seconds
Complete requests:      1000
Failed requests:        0
Total transferred:      963000 bytes
HTML transferred:       641000 bytes
Requests per second:    1480.68 [#/sec] (mean)
Time per request:       67.536 [ms] (mean)
Time per request:       0.675 [ms] (mean, across all concurrent requests)
Transfer rate:          1392.48 [Kbytes/sec] received

Connection Times (ms)
              min  mean[+/-sd] median   max
Connect:        6   28   9.5     28      55
Processing:     3   38  11.7     37      74
Waiting:        1   29   9.4     29      55
Total:         44   66  14.1     66     112

Percentage of the requests served within a certain time (ms)
  50%     66
  66%     72
  75%     73
  80%     73
  90%     82
  95%     87
  98%    112
  99%    112
 100%    112 (longest request)
http://192.168.56.66:9501/emails/templates?hashtags=test
This is ApacheBench, Version 2.3 <$Revision: 1706008 $>
Copyright 1996 Adam Twiss, Zeus Technology Ltd, http://www.zeustech.net/
Licensed to The Apache Software Foundation, http://www.apache.org/

Benchmarking 192.168.56.66 (be patient)


Server Software:        Swiler
Server Hostname:        192.168.56.66
Server Port:            9501

Document Path:          /emails/templates?hashtags=test
Document Length:        641 bytes

Concurrency Level:      100
Time taken for tests:   0.814 seconds
Complete requests:      1000
Failed requests:        0
Total transferred:      963000 bytes
HTML transferred:       641000 bytes
Requests per second:    1227.89 [#/sec] (mean)
Time per request:       81.440 [ms] (mean)
Time per request:       0.814 [ms] (mean, across all concurrent requests)
Transfer rate:          1154.75 [Kbytes/sec] received

Connection Times (ms)
              min  mean[+/-sd] median   max
Connect:        0   23  16.0     26      61
Processing:    25   56  19.2     55     135
Waiting:       14   40  20.2     35     133
Total:         33   80  22.2     75     170

Percentage of the requests served within a certain time (ms)
  50%     75
  66%     80
  75%     84
  80%     91
  90%    116
  95%    137
  98%    138
  99%    138
 100%    170 (longest request)
http://192.168.56.66:9501/emails/templates?hashtags=test
This is ApacheBench, Version 2.3 <$Revision: 1706008 $>
Copyright 1996 Adam Twiss, Zeus Technology Ltd, http://www.zeustech.net/
Licensed to The Apache Software Foundation, http://www.apache.org/

Benchmarking 192.168.56.66 (be patient)


Server Software:        Swiler
Server Hostname:        192.168.56.66
Server Port:            9501

Document Path:          /emails/templates?hashtags=test
Document Length:        641 bytes

Concurrency Level:      100
Time taken for tests:   0.720 seconds
Complete requests:      1000
Failed requests:        0
Total transferred:      963000 bytes
HTML transferred:       641000 bytes
Requests per second:    1389.51 [#/sec] (mean)
Time per request:       71.968 [ms] (mean)
Time per request:       0.720 [ms] (mean, across all concurrent requests)
Transfer rate:          1306.74 [Kbytes/sec] received

Connection Times (ms)
              min  mean[+/-sd] median   max
Connect:        0   28  10.1     29      57
Processing:     4   43  15.3     39      80
Waiting:        1   30   9.3     30      72
Total:         29   70  15.4     68     106

Percentage of the requests served within a certain time (ms)
  50%     68
  66%     74
  75%     76
  80%     83
  90%     96
  95%    102
  98%    103
  99%    103
 100%    106 (longest request)
http://192.168.56.66:9501/emails/templates?hashtags=test
This is ApacheBench, Version 2.3 <$Revision: 1706008 $>
Copyright 1996 Adam Twiss, Zeus Technology Ltd, http://www.zeustech.net/
Licensed to The Apache Software Foundation, http://www.apache.org/

Benchmarking 192.168.56.66 (be patient)


Server Software:        Swiler
Server Hostname:        192.168.56.66
Server Port:            9501

Document Path:          /emails/templates?hashtags=test
Document Length:        641 bytes

Concurrency Level:      100
Time taken for tests:   0.680 seconds
Complete requests:      1000
Failed requests:        0
Total transferred:      963000 bytes
HTML transferred:       641000 bytes
Requests per second:    1471.53 [#/sec] (mean)
Time per request:       67.957 [ms] (mean)
Time per request:       0.680 [ms] (mean, across all concurrent requests)
Transfer rate:          1383.87 [Kbytes/sec] received

Connection Times (ms)
              min  mean[+/-sd] median   max
Connect:        4   25   9.5     27      57
Processing:     2   42  19.7     37     100
Waiting:        1   29  10.7     28      97
Total:         22   67  19.3     65     125

Percentage of the requests served within a certain time (ms)
  50%     65
  66%     69
  75%     70
  80%     75
  90%     88
  95%    124
  98%    125
  99%    125
 100%    125 (longest request)
http://192.168.56.66:9501/emails/templates?hashtags=test
This is ApacheBench, Version 2.3 <$Revision: 1706008 $>
Copyright 1996 Adam Twiss, Zeus Technology Ltd, http://www.zeustech.net/
Licensed to The Apache Software Foundation, http://www.apache.org/

Benchmarking 192.168.56.66 (be patient)


Server Software:        Swiler
Server Hostname:        192.168.56.66
Server Port:            9501

Document Path:          /emails/templates?hashtags=test
Document Length:        641 bytes

Concurrency Level:      100
Time taken for tests:   0.575 seconds
Complete requests:      1000
Failed requests:        0
Total transferred:      963000 bytes
HTML transferred:       641000 bytes
Requests per second:    1739.57 [#/sec] (mean)
Time per request:       57.486 [ms] (mean)
Time per request:       0.575 [ms] (mean, across all concurrent requests)
Transfer rate:          1635.94 [Kbytes/sec] received

Connection Times (ms)
              min  mean[+/-sd] median   max
Connect:        4   22   7.3     21      39
Processing:     3   34  10.5     35      62
Waiting:        1   24   7.5     24      39
Total:         31   56  14.3     54      91

Percentage of the requests served within a certain time (ms)
  50%     54
  66%     62
  75%     64
  80%     71
  90%     77
  95%     84
  98%     86
  99%     90
 100%     91 (longest request)
http://192.168.56.66:9501/emails/templates?hashtags=test
This is ApacheBench, Version 2.3 <$Revision: 1706008 $>
Copyright 1996 Adam Twiss, Zeus Technology Ltd, http://www.zeustech.net/
Licensed to The Apache Software Foundation, http://www.apache.org/

Benchmarking 192.168.56.66 (be patient)


Server Software:        Swiler
Server Hostname:        192.168.56.66
Server Port:            9501

Document Path:          /emails/templates?hashtags=test
Document Length:        641 bytes

Concurrency Level:      100
Time taken for tests:   0.565 seconds
Complete requests:      1000
Failed requests:        0
Total transferred:      963000 bytes
HTML transferred:       641000 bytes
Requests per second:    1771.31 [#/sec] (mean)
Time per request:       56.455 [ms] (mean)
Time per request:       0.565 [ms] (mean, across all concurrent requests)
Transfer rate:          1665.79 [Kbytes/sec] received

Connection Times (ms)
              min  mean[+/-sd] median   max
Connect:        2   24   7.2     24      39
Processing:     3   32  10.0     30      56
Waiting:        1   25   6.8     25      39
Total:         24   55  10.4     54      80

Percentage of the requests served within a certain time (ms)
  50%     54
  66%     57
  75%     58
  80%     60
  90%     75
  95%     80
  98%     80
  99%     80
 100%     80 (longest request)
http://192.168.56.66:9501/emails/templates?hashtags=test
This is ApacheBench, Version 2.3 <$Revision: 1706008 $>
Copyright 1996 Adam Twiss, Zeus Technology Ltd, http://www.zeustech.net/
Licensed to The Apache Software Foundation, http://www.apache.org/

Benchmarking 192.168.56.66 (be patient)


Server Software:        Swiler
Server Hostname:        192.168.56.66
Server Port:            9501

Document Path:          /emails/templates?hashtags=test
Document Length:        641 bytes

Concurrency Level:      100
Time taken for tests:   0.550 seconds
Complete requests:      1000
Failed requests:        0
Total transferred:      963000 bytes
HTML transferred:       641000 bytes
Requests per second:    1818.59 [#/sec] (mean)
Time per request:       54.988 [ms] (mean)
Time per request:       0.550 [ms] (mean, across all concurrent requests)
Transfer rate:          1710.25 [Kbytes/sec] received

Connection Times (ms)
              min  mean[+/-sd] median   max
Connect:        0   23   8.5     23      40
Processing:     1   31   9.3     30      55
Waiting:        1   24   6.9     24      39
Total:         27   54  10.0     52      79

Percentage of the requests served within a certain time (ms)
  50%     52
  66%     55
  75%     57
  80%     60
  90%     70
  95%     76
  98%     77
  99%     79
 100%     79 (longest request)
http://192.168.56.66:9501/emails/templates?hashtags=test
This is ApacheBench, Version 2.3 <$Revision: 1706008 $>
Copyright 1996 Adam Twiss, Zeus Technology Ltd, http://www.zeustech.net/
Licensed to The Apache Software Foundation, http://www.apache.org/

Benchmarking 192.168.56.66 (be patient)


Server Software:        Swiler
Server Hostname:        192.168.56.66
Server Port:            9501

Document Path:          /emails/templates?hashtags=test
Document Length:        641 bytes

Concurrency Level:      100
Time taken for tests:   0.559 seconds
Complete requests:      1000
Failed requests:        0
Total transferred:      963000 bytes
HTML transferred:       641000 bytes
Requests per second:    1789.56 [#/sec] (mean)
Time per request:       55.880 [ms] (mean)
Time per request:       0.559 [ms] (mean, across all concurrent requests)
Transfer rate:          1682.95 [Kbytes/sec] received

Connection Times (ms)
              min  mean[+/-sd] median   max
Connect:        0   22   8.5     24      36
Processing:    10   32   9.9     31      66
Waiting:        1   25   7.6     24      47
Total:         29   55  10.5     53      98

Percentage of the requests served within a certain time (ms)
  50%     53
  66%     54
  75%     55
  80%     56
  90%     72
  95%     76
  98%     84
  99%     86
 100%     98 (longest request)
