http://192.168.56.66:9501/emails/templates?hashtags=test
http://192.168.56.66:9501/emails/templates?hashtags=test
This is ApacheBench, Version 2.3 <$Revision: 1706008 $>
Copyright 1996 Adam Twiss, Zeus Technology Ltd, http://www.zeustech.net/
Licensed to The Apache Software Foundation, http://www.apache.org/

Benchmarking 192.168.56.66 (be patient)


Server Software:        Swiler
Server Hostname:        192.168.56.66
Server Port:            9501

Document Path:          /emails/templates?hashtags=test
Document Length:        641 bytes

Concurrency Level:      100
Time taken for tests:   0.782 seconds
Complete requests:      1000
Failed requests:        0
Total transferred:      963000 bytes
HTML transferred:       641000 bytes
Requests per second:    1279.55 [#/sec] (mean)
Time per request:       78.152 [ms] (mean)
Time per request:       0.782 [ms] (mean, across all concurrent requests)
Transfer rate:          1203.33 [Kbytes/sec] received

Connection Times (ms)
              min  mean[+/-sd] median   max
Connect:        1   28  23.0     22     229
Processing:     2   49  66.8     28     327
Waiting:        0   39  55.3     23     249
Total:         24   77  86.4     50     347

Percentage of the requests served within a certain time (ms)
  50%     50
  66%     50
  75%     51
  80%     52
  90%    231
  95%    345
  98%    345
  99%    346
 100%    347 (longest request)
http://192.168.56.66:9501/emails/templates?hashtags=test
This is ApacheBench, Version 2.3 <$Revision: 1706008 $>
Copyright 1996 Adam Twiss, Zeus Technology Ltd, http://www.zeustech.net/
Licensed to The Apache Software Foundation, http://www.apache.org/

Benchmarking 192.168.56.66 (be patient)


Server Software:        Swiler
Server Hostname:        192.168.56.66
Server Port:            9501

Document Path:          /emails/templates?hashtags=test
Document Length:        641 bytes

Concurrency Level:      100
Time taken for tests:   0.516 seconds
Complete requests:      1000
Failed requests:        0
Total transferred:      963000 bytes
HTML transferred:       641000 bytes
Requests per second:    1938.75 [#/sec] (mean)
Time per request:       51.580 [ms] (mean)
Time per request:       0.516 [ms] (mean, across all concurrent requests)
Transfer rate:          1823.26 [Kbytes/sec] received

Connection Times (ms)
              min  mean[+/-sd] median   max
Connect:        5   22   7.0     22      42
Processing:     2   29   8.2     27      52
Waiting:        0   22   6.8     22      41
Total:         30   51   8.5     49      93

Percentage of the requests served within a certain time (ms)
  50%     49
  66%     51
  75%     52
  80%     53
  90%     61
  95%     62
  98%     85
  99%     90
 100%     93 (longest request)
http://192.168.56.66:9501/emails/templates?hashtags=test
This is ApacheBench, Version 2.3 <$Revision: 1706008 $>
Copyright 1996 Adam Twiss, Zeus Technology Ltd, http://www.zeustech.net/
Licensed to The Apache Software Foundation, http://www.apache.org/

Benchmarking 192.168.56.66 (be patient)


Server Software:        Swiler
Server Hostname:        192.168.56.66
Server Port:            9501

Document Path:          /emails/templates?hashtags=test
Document Length:        641 bytes

Concurrency Level:      100
Time taken for tests:   0.537 seconds
Complete requests:      1000
Failed requests:        0
Total transferred:      963000 bytes
HTML transferred:       641000 bytes
Requests per second:    1860.80 [#/sec] (mean)
Time per request:       53.740 [ms] (mean)
Time per request:       0.537 [ms] (mean, across all concurrent requests)
Transfer rate:          1749.96 [Kbytes/sec] received

Connection Times (ms)
              min  mean[+/-sd] median   max
Connect:        4   23   7.1     25      39
Processing:     2   29   7.4     29      49
Waiting:        0   23   6.3     23      39
Total:         32   53   9.0     53      78

Percentage of the requests served within a certain time (ms)
  50%     53
  66%     54
  75%     56
  80%     56
  90%     61
  95%     75
  98%     77
  99%     77
 100%     78 (longest request)
http://192.168.56.66:9501/emails/templates?hashtags=test
This is ApacheBench, Version 2.3 <$Revision: 1706008 $>
Copyright 1996 Adam Twiss, Zeus Technology Ltd, http://www.zeustech.net/
Licensed to The Apache Software Foundation, http://www.apache.org/

Benchmarking 192.168.56.66 (be patient)


Server Software:        Swiler
Server Hostname:        192.168.56.66
Server Port:            9501

Document Path:          /emails/templates?hashtags=test
Document Length:        641 bytes

Concurrency Level:      100
Time taken for tests:   0.548 seconds
Complete requests:      1000
Failed requests:        0
Total transferred:      963000 bytes
HTML transferred:       641000 bytes
Requests per second:    1824.67 [#/sec] (mean)
Time per request:       54.804 [ms] (mean)
Time per request:       0.548 [ms] (mean, across all concurrent requests)
Transfer rate:          1715.98 [Kbytes/sec] received

Connection Times (ms)
              min  mean[+/-sd] median   max
Connect:        1   22   9.5     22      43
Processing:     3   32   9.7     31      53
Waiting:        0   25   8.2     25      43
Total:         22   54   9.3     55      92

Percentage of the requests served within a certain time (ms)
  50%     55
  66%     56
  75%     58
  80%     59
  90%     62
  95%     67
  98%     86
  99%     90
 100%     92 (longest request)
http://192.168.56.66:9501/emails/templates?hashtags=test
This is ApacheBench, Version 2.3 <$Revision: 1706008 $>
Copyright 1996 Adam Twiss, Zeus Technology Ltd, http://www.zeustech.net/
Licensed to The Apache Software Foundation, http://www.apache.org/

Benchmarking 192.168.56.66 (be patient)


Server Software:        Swiler
Server Hostname:        192.168.56.66
Server Port:            9501

Document Path:          /emails/templates?hashtags=test
Document Length:        641 bytes

Concurrency Level:      100
Time taken for tests:   0.674 seconds
Complete requests:      1000
Failed requests:        0
Total transferred:      963000 bytes
HTML transferred:       641000 bytes
Requests per second:    1484.63 [#/sec] (mean)
Time per request:       67.357 [ms] (mean)
Time per request:       0.674 [ms] (mean, across all concurrent requests)
Transfer rate:          1396.19 [Kbytes/sec] received

Connection Times (ms)
              min  mean[+/-sd] median   max
Connect:        4   26  15.3     24      84
Processing:    15   39  15.5     36     214
Waiting:       14   29  11.5     27     179
Total:         25   66  21.5     58     234

Percentage of the requests served within a certain time (ms)
  50%     58
  66%     62
  75%     68
  80%     76
  90%    109
  95%    118
  98%    124
  99%    124
 100%    234 (longest request)
http://192.168.56.66:9501/emails/templates?hashtags=test
This is ApacheBench, Version 2.3 <$Revision: 1706008 $>
Copyright 1996 Adam Twiss, Zeus Technology Ltd, http://www.zeustech.net/
Licensed to The Apache Software Foundation, http://www.apache.org/

Benchmarking 192.168.56.66 (be patient)


Server Software:        Swiler
Server Hostname:        192.168.56.66
Server Port:            9501

Document Path:          /emails/templates?hashtags=test
Document Length:        641 bytes

Concurrency Level:      100
Time taken for tests:   0.670 seconds
Complete requests:      1000
Failed requests:        0
Total transferred:      963000 bytes
HTML transferred:       641000 bytes
Requests per second:    1491.65 [#/sec] (mean)
Time per request:       67.040 [ms] (mean)
Time per request:       0.670 [ms] (mean, across all concurrent requests)
Transfer rate:          1402.79 [Kbytes/sec] received

Connection Times (ms)
              min  mean[+/-sd] median   max
Connect:        0   22   9.3     23      50
Processing:     1   44  16.1     44      89
Waiting:        1   28  10.9     26      69
Total:         28   66  20.7     62     124

Percentage of the requests served within a certain time (ms)
  50%     62
  66%     74
  75%     82
  80%     83
  90%    101
  95%    104
  98%    104
  99%    118
 100%    124 (longest request)
http://192.168.56.66:9501/emails/templates?hashtags=test
This is ApacheBench, Version 2.3 <$Revision: 1706008 $>
Copyright 1996 Adam Twiss, Zeus Technology Ltd, http://www.zeustech.net/
Licensed to The Apache Software Foundation, http://www.apache.org/

Benchmarking 192.168.56.66 (be patient)


Server Software:        Swiler
Server Hostname:        192.168.56.66
Server Port:            9501

Document Path:          /emails/templates?hashtags=test
Document Length:        641 bytes

Concurrency Level:      100
Time taken for tests:   0.681 seconds
Complete requests:      1000
Failed requests:        0
Total transferred:      963000 bytes
HTML transferred:       641000 bytes
Requests per second:    1467.72 [#/sec] (mean)
Time per request:       68.133 [ms] (mean)
Time per request:       0.681 [ms] (mean, across all concurrent requests)
Transfer rate:          1380.29 [Kbytes/sec] received

Connection Times (ms)
              min  mean[+/-sd] median   max
Connect:        3   25  11.5     24      58
Processing:     3   42  13.5     40      83
Waiting:        1   28   9.7     27      58
Total:         27   67  18.6     64     131

Percentage of the requests served within a certain time (ms)
  50%     64
  66%     71
  75%     76
  80%     79
  90%     89
  95%     99
  98%    127
  99%    130
 100%    131 (longest request)
http://192.168.56.66:9501/emails/templates?hashtags=test
This is ApacheBench, Version 2.3 <$Revision: 1706008 $>
Copyright 1996 Adam Twiss, Zeus Technology Ltd, http://www.zeustech.net/
Licensed to The Apache Software Foundation, http://www.apache.org/

Benchmarking 192.168.56.66 (be patient)


Server Software:        Swiler
Server Hostname:        192.168.56.66
Server Port:            9501

Document Path:          /emails/templates?hashtags=test
Document Length:        641 bytes

Concurrency Level:      100
Time taken for tests:   0.673 seconds
Complete requests:      1000
Failed requests:        0
Total transferred:      963000 bytes
HTML transferred:       641000 bytes
Requests per second:    1485.52 [#/sec] (mean)
Time per request:       67.317 [ms] (mean)
Time per request:       0.673 [ms] (mean, across all concurrent requests)
Transfer rate:          1397.03 [Kbytes/sec] received

Connection Times (ms)
              min  mean[+/-sd] median   max
Connect:        2   22   9.8     25      39
Processing:     2   44  15.3     41      72
Waiting:        2   27   8.2     30      39
Total:         35   66  15.0     64     104

Percentage of the requests served within a certain time (ms)
  50%     64
  66%     71
  75%     74
  80%     76
  90%     89
  95%     94
  98%     96
  99%     96
 100%    104 (longest request)
http://192.168.56.66:9501/emails/templates?hashtags=test
This is ApacheBench, Version 2.3 <$Revision: 1706008 $>
Copyright 1996 Adam Twiss, Zeus Technology Ltd, http://www.zeustech.net/
Licensed to The Apache Software Foundation, http://www.apache.org/

Benchmarking 192.168.56.66 (be patient)


Server Software:        Swiler
Server Hostname:        192.168.56.66
Server Port:            9501

Document Path:          /emails/templates?hashtags=test
Document Length:        641 bytes

Concurrency Level:      100
Time taken for tests:   0.567 seconds
Complete requests:      1000
Failed requests:        0
Total transferred:      963000 bytes
HTML transferred:       641000 bytes
Requests per second:    1763.76 [#/sec] (mean)
Time per request:       56.697 [ms] (mean)
Time per request:       0.567 [ms] (mean, across all concurrent requests)
Transfer rate:          1658.70 [Kbytes/sec] received

Connection Times (ms)
              min  mean[+/-sd] median   max
Connect:        2   22   7.1     22      45
Processing:     1   33  15.0     28      75
Waiting:        1   26  10.7     24      63
Total:         15   56  17.2     48     103

Percentage of the requests served within a certain time (ms)
  50%     48
  66%     57
  75%     65
  80%     67
  90%     85
  95%     95
  98%     97
  99%    103
 100%    103 (longest request)
http://192.168.56.66:9501/emails/templates?hashtags=test
This is ApacheBench, Version 2.3 <$Revision: 1706008 $>
Copyright 1996 Adam Twiss, Zeus Technology Ltd, http://www.zeustech.net/
Licensed to The Apache Software Foundation, http://www.apache.org/

Benchmarking 192.168.56.66 (be patient)


Server Software:        Swiler
Server Hostname:        192.168.56.66
Server Port:            9501

Document Path:          /emails/templates?hashtags=test
Document Length:        641 bytes

Concurrency Level:      100
Time taken for tests:   0.507 seconds
Complete requests:      1000
Failed requests:        0
Total transferred:      963000 bytes
HTML transferred:       641000 bytes
Requests per second:    1974.23 [#/sec] (mean)
Time per request:       50.653 [ms] (mean)
Time per request:       0.507 [ms] (mean, across all concurrent requests)
Transfer rate:          1856.63 [Kbytes/sec] received

Connection Times (ms)
              min  mean[+/-sd] median   max
Connect:        4   22   6.9     23      43
Processing:     2   27   8.0     27      54
Waiting:        1   22   6.8     21      46
Total:         30   50   8.4     48      80

Percentage of the requests served within a certain time (ms)
  50%     48
  66%     49
  75%     51
  80%     52
  90%     61
  95%     70
  98%     73
  99%     74
 100%     80 (longest request)
